\BOOKMARK [1][-]{Doc-Start}{\376\377\000R\000\351\000s\000u\000m\000\351\000\040\000e\000x\000\351\000c\000u\000t\000i\000f}{}% 1
\BOOKMARK [1][-]{section.1}{\376\377\000C\000a\000d\000r\000e\000\040\000t\000h\000\351\000o\000r\000i\000q\000u\000e\000\040\000e\000t\000\040\000d\000o\000n\000n\000\351\000e\000s\000\040\000d\000e\000\040\000m\000a\000r\000c\000h\000\351}{}% 2
\BOOKMARK [2][-]{subsection.1.1}{\376\377\000E\000n\000v\000i\000r\000o\000n\000n\000e\000m\000e\000n\000t\000\040\000d\000e\000\040\000c\000a\000l\000c\000u\000l}{section.1}% 3
\BOOKMARK [2][-]{subsection.1.2}{\376\377\000S\000t\000r\000u\000c\000t\000u\000r\000e\000\040\000d\000e\000\040\000c\000a\000p\000i\000t\000a\000l\000\040\040\024\000\040\000t\000e\000r\000m\000-\000s\000h\000e\000e\000t\000\040\000s\000t\000a\000n\000d\000a\000r\000d}{section.1}% 4
\BOOKMARK [2][-]{subsection.1.3}{\376\377\000D\000o\000n\000n\000\351\000e\000s\000\040\000d\000e\000\040\000m\000a\000r\000c\000h\000\351\000\040\040\024\000\040\000C\000D\000S\000\040\000e\000t\000\040\000p\000o\000o\000l\000\040\000d\000e\000\040\000r\000\351\000f\000\351\000r\000e\000n\000c\000e}{section.1}% 5
\BOOKMARK [2][-]{subsection.1.4}{\376\377\000C\000o\000u\000r\000b\000e\000\040\000d\000'\000a\000c\000t\000u\000a\000l\000i\000s\000a\000t\000i\000o\000n\000\040\000e\000t\000\040\000h\000y\000p\000o\000t\000h\000\350\000s\000e\000\040\000d\000e\000\040\000r\000\351\000c\000u\000p\000\351\000r\000a\000t\000i\000o\000n}{section.1}% 6
\BOOKMARK [1][-]{section.2}{\376\377\000C\000o\000u\000r\000b\000e\000s\000\040\000d\000e\000\040\000c\000r\000\351\000d\000i\000t\000\040\000m\000a\000r\000g\000i\000n\000a\000l\000e\000s}{}% 7
\BOOKMARK [2][-]{subsection.2.1}{\376\377\000A\000p\000p\000r\000o\000x\000i\000m\000a\000t\000i\000o\000n\000\040\000\340\000\040\000h\000a\000s\000a\000r\000d\000\040\000p\000l\000a\000t\000\040\000\050\000r\000\351\000f\000\351\000r\000e\000n\000c\000e\000\040\000p\000\351\000d\000a\000g\000o\000g\000i\000q\000u\000e\000\051}{section.2}% 8
\BOOKMARK [2][-]{subsection.2.2}{\376\377\000B\000o\000o\000t\000s\000t\000r\000a\000p\000\040\000I\000S\000D\000A\000\040\000p\000a\000r\000\040\000m\000o\000r\000c\000e\000a\000u\000x\000\040\000c\000o\000n\000s\000t\000a\000n\000t\000s}{section.2}% 9
\BOOKMARK [2][-]{subsection.2.3}{\376\377\000A\000u\000t\000o\000-\000c\000o\000h\000\351\000r\000e\000n\000c\000e\000\040\000e\000t\000\040\000s\000t\000r\000u\000c\000t\000u\000r\000e\000\040\000p\000a\000r\000\040\000t\000e\000r\000m\000e}{section.2}% 10
\BOOKMARK [1][-]{section.3}{\376\377\000M\000o\000d\000\350\000l\000e\000\040\000d\000e\000\040\000d\000\351\000p\000e\000n\000d\000a\000n\000c\000e\000\040\040\024\000\040\000c\000o\000p\000u\000l\000e\000\040\000g\000a\000u\000s\000s\000i\000e\000n\000n\000e\000\040\000\340\000\040\000u\000n\000\040\000f\000a\000c\000t\000e\000u\000r}{}% 11
\BOOKMARK [2][-]{subsection.3.1}{\376\377\000L\000i\000m\000i\000t\000e\000\040\000L\000a\000r\000g\000e\000\040\000H\000o\000m\000o\000g\000e\000n\000e\000o\000u\000s\000\040\000P\000o\000o\000l\000\040\000\050\000V\000a\000s\000i\000c\000e\000k\000\040\0001\0009\0008\0007\000\051}{section.3}% 12
\BOOKMARK [2][-]{subsection.3.2}{\376\377\000C\000o\000r\000r\000\351\000l\000a\000t\000i\000o\000n\000\040\000e\000t\000\040\000r\000i\000s\000q\000u\000e\000\040\000d\000e\000\040\000q\000u\000e\000u\000e\000\040\000d\000e\000\040\000t\000r\000a\000n\000c\000h\000e}{section.3}% 13
\BOOKMARK [1][-]{section.4}{\376\377\000P\000r\000i\000c\000i\000n\000g\000\040\000p\000a\000r\000\040\000M\000o\000n\000t\000e\000\040\000C\000a\000r\000l\000o}{}% 14
\BOOKMARK [2][-]{subsection.4.1}{\376\377\000S\000i\000m\000u\000l\000a\000t\000e\000u\000r\000\040\000d\000e\000\040\000t\000e\000m\000p\000s\000\040\000d\000e\000\040\000d\000\351\000f\000a\000u\000t\000\040\000e\000t\000\040\000g\000r\000i\000l\000l\000e\000\040\000d\000e\000\040\000p\000a\000i\000e\000m\000e\000n\000t\000s}{section.4}% 15
\BOOKMARK [2][-]{subsection.4.2}{\376\377\000R\000\351\000d\000u\000c\000t\000i\000o\000n\000\040\000d\000e\000\040\000v\000a\000r\000i\000a\000n\000c\000e\000\040\000p\000a\000r\000\040\000v\000a\000r\000i\000a\000b\000l\000e\000s\000\040\000a\000n\000t\000i\000t\000h\000\351\000t\000i\000q\000u\000e\000s}{section.4}% 16
\BOOKMARK [2][-]{subsection.4.3}{\376\377\000R\000\351\000f\000\351\000r\000e\000n\000c\000e\000\040\000s\000e\000m\000i\000-\000a\000n\000a\000l\000y\000t\000i\000q\000u\000e\000\040\000L\000H\000P\000\040\040\024\000\040\000b\000e\000n\000c\000h\000m\000a\000r\000k\000i\000n\000g}{section.4}% 17
\BOOKMARK [1][-]{section.5}{\376\377\000C\000a\000l\000i\000b\000r\000a\000t\000i\000o\000n\000\040\040\024\000\040\000c\000o\000r\000r\000\351\000l\000a\000t\000i\000o\000n\000\040\000d\000e\000\040\000b\000a\000s\000e}{}% 18
\BOOKMARK [2][-]{subsection.5.1}{\376\377\000C\000a\000l\000i\000b\000r\000a\000t\000i\000o\000n\000\040\000d\000e\000\040\000l\000a\000\040\000c\000o\000u\000r\000b\000e\000\040\000B\000C\000\040\000\050\000r\000o\000u\000n\000d\000-\000t\000r\000i\000p\000\040\000p\000\351\000d\000a\000g\000o\000g\000i\000q\000u\000e\000\051}{section.5}% 19
\BOOKMARK [2][-]{subsection.5.2}{\376\377\000S\000u\000r\000f\000a\000c\000e\000\040\000d\000e\000\040\000s\000p\000r\000e\000a\000d\000\040\000\351\000q\000u\000i\000t\000a\000b\000l\000e\000\040\000p\000o\000u\000r\000\040\000t\000r\000a\000n\000c\000h\000e\000s\000\040\000b\000e\000s\000p\000o\000k\000e}{section.5}% 20
\BOOKMARK [1][-]{section.6}{\376\377\000A\000n\000a\000l\000y\000s\000e\000\040\000d\000e\000s\000\040\000r\000i\000s\000q\000u\000e\000s\000\040\040\024\000\040\000G\000r\000e\000e\000k\000s\000\040\000e\000t\000\040\000s\000t\000r\000e\000s\000s\000\040\000t\000e\000s\000t\000s}{}% 21
\BOOKMARK [2][-]{subsection.6.1}{\376\377\000G\000r\000e\000e\000k\000s\000\040\000a\000u\000\040\000n\000i\000v\000e\000a\000u\000\040\000t\000r\000a\000n\000c\000h\000e}{section.6}% 22
\BOOKMARK [2][-]{subsection.6.2}{\376\377\000C\000S\0000\0001\000\040\000p\000a\000r\000\040\000\351\000m\000e\000t\000t\000e\000u\000r\000\040\000e\000t\000\040\000c\000o\000n\000c\000e\000n\000t\000r\000a\000t\000i\000o\000n\000\040\000d\000e\000\040\000l\000a\000\040\000c\000o\000u\000v\000e\000r\000t\000u\000r\000e}{section.6}% 23
\BOOKMARK [2][-]{subsection.6.3}{\376\377\000M\000a\000t\000r\000i\000c\000e\000\040\000d\000e\000\040\000s\000t\000r\000e\000s\000s\000\040\000t\000e\000s\000t\000s}{section.6}% 24
\BOOKMARK [1][-]{section.7}{\376\377\000A\000n\000a\000l\000y\000s\000e\000\040\000d\000e\000\040\000p\000o\000r\000t\000e\000f\000e\000u\000i\000l\000l\000e\000\040\000e\000t\000\040\000t\000a\000b\000l\000e\000a\000u\000\040\000d\000e\000\040\000b\000o\000r\000d}{}% 25
\BOOKMARK [2][-]{subsection.7.1}{\376\377\000E\000T\000L\000\040\000h\000i\000s\000t\000o\000r\000i\000q\000u\000e\000s\000\040\000p\000a\000r\000\040\000t\000r\000a\000n\000c\000h\000e\000\040\000\050\0002\0000\0001\0005\040\023\0002\0000\0002\0001\000\051}{section.7}% 26
\BOOKMARK [1][-]{section.8}{\376\377\000S\000y\000n\000t\000h\000\350\000s\000e\000\040\000e\000t\000\040\000l\000i\000s\000t\000e\000\040\000d\000e\000\040\000v\000a\000l\000i\000d\000a\000t\000i\000o\000n}{}% 27
\BOOKMARK [1][-]{Item.8}{\376\377\000R\000\351\000f\000\351\000r\000e\000n\000c\000e\000s}{}% 28
